2025-02-04 16:46:17 startup archives unpack
2025-02-04 16:46:17 install perl-modules-5.36:all <none> 5.36.0-7+deb12u1
2025-02-04 16:46:17 status half-installed perl-modules-5.36:all 5.36.0-7+deb12u1
2025-02-04 16:46:18 status unpacked perl-modules-5.36:all 5.36.0-7+deb12u1
2025-02-04 16:46:18 install libgdbm6:amd64 <none> 1.23-3
2025-02-04 16:46:18 status triggers-pending libc-bin:amd64 2.36-9+deb12u9
2025-02-04 16:46:18 status half-installed libgdbm6:amd64 1.23-3
2025-02-04 16:46:18 status unpacked libgdbm6:amd64 1.23-3
2025-02-04 16:46:18 install libgdbm-compat4:amd64 <none> 1.23-3
2025-02-04 16:46:18 status half-installed libgdbm-compat4:amd64 1.23-3
2025-02-04 16:46:18 status unpacked libgdbm-compat4:amd64 1.23-3
2025-02-04 16:46:18 install libperl5.36:amd64 <none> 5.36.0-7+deb12u1
2025-02-04 16:46:18 status half-installed libperl5.36:amd64 5.36.0-7+deb12u1
2025-02-04 16:46:18 status unpacked libperl5.36:amd64 5.36.0-7+deb12u1
2025-02-04 16:46:18 install perl:amd64 <none> 5.36.0-7+deb12u1
2025-02-04 16:46:18 status half-installed perl:amd64 5.36.0-7+deb12u1
2025-02-04 16:46:18 status unpacked perl:amd64 5.36.0-7+deb12u1
2025-02-04 16:46:18 install libssl3:amd64 <none> 3.0.15-1~deb12u1
2025-02-04 16:46:18 status half-installed libssl3:amd64 3.0.15-1~deb12u1
2025-02-04 16:46:18 status unpacked libssl3:amd64 3.0.15-1~deb12u1
2025-02-04 16:46:18 install openssl:amd64 <none> 3.0.15-1~deb12u1
2025-02-04 16:46:18 status half-installed openssl:amd64 3.0.15-1~deb12u1
2025-02-04 16:46:18 status unpacked openssl:amd64 3.0.15-1~deb12u1
2025-02-04 16:46:18 install ca-certificates:all <none> 20230311
2025-02-04 16:46:18 status half-installed ca-certificates:all 20230311
2025-02-04 16:46:19 status unpacked ca-certificates:all 20230311
2025-02-04 16:46:19 install libpsl5:amd64 <none> 0.21.2-1
2025-02-04 16:46:19 status half-installed libpsl5:amd64 0.21.2-1
2025-02-04 16:46:19 status unpacked libpsl5:amd64 0.21.2-1
2025-02-04 16:46:19 install wget:amd64 <none> 1.21.3-1+b2
2025-02-04 16:46:19 status half-installed wget:amd64 1.21.3-1+b2
2025-02-04 16:46:19 status unpacked wget:amd64 1.21.3-1+b2
2025-02-04 16:46:19 install binutils-common:amd64 <none> 2.40-2
2025-02-04 16:46:19 status half-installed binutils-common:amd64 2.40-2
2025-02-04 16:46:19 status unpacked binutils-common:amd64 2.40-2
2025-02-04 16:46:19 install libbinutils:amd64 <none> 2.40-2
2025-02-04 16:46:19 status half-installed libbinutils:amd64 2.40-2
2025-02-04 16:46:19 status unpacked libbinutils:amd64 2.40-2
2025-02-04 16:46:19 install libctf-nobfd0:amd64 <none> 2.40-2
2025-02-04 16:46:19 status half-installed libctf-nobfd0:amd64 2.40-2
2025-02-04 16:46:19 status unpacked libctf-nobfd0:amd64 2.40-2
2025-02-04 16:46:19 install libctf0:amd64 <none> 2.40-2
2025-02-04 16:46:19 status half-installed libctf0:amd64 2.40-2
2025-02-04 16:46:19 status unpacked libctf0:amd64 2.40-2
2025-02-04 16:46:19 install libgprofng0:amd64 <none> 2.40-2
2025-02-04 16:46:19 status half-installed libgprofng0:amd64 2.40-2
2025-02-04 16:46:19 status unpacked libgprofng0:amd64 2.40-2
2025-02-04 16:46:19 install libjansson4:amd64 <none> 2.14-2
2025-02-04 16:46:19 status half-installed libjansson4:amd64 2.14-2
2025-02-04 16:46:19 status unpacked libjansson4:amd64 2.14-2
2025-02-04 16:46:19 install binutils-x86-64-linux-gnu:amd64 <none> 2.40-2
2025-02-04 16:46:19 status half-installed binutils-x86-64-linux-gnu:amd64 2.40-2
2025-02-04 16:46:19 status unpacked binutils-x86-64-linux-gnu:amd64 2.40-2
2025-02-04 16:46:19 install binutils:amd64 <none> 2.40-2
2025-02-04 16:46:19 status half-installed binutils:amd64 2.40-2
2025-02-04 16:46:19 status unpacked binutils:amd64 2.40-2
2025-02-04 16:46:19 install binutils-aarch64-linux-gnu:amd64 <none> 2.40-2
2025-02-04 16:46:19 status half-installed binutils-aarch64-linux-gnu:amd64 2.40-2
2025-02-04 16:46:20 status unpacked binutils-aarch64-linux-gnu:amd64 2.40-2
2025-02-04 16:46:20 install libisl23:amd64 <none> 0.25-1.1
2025-02-04 16:46:20 status half-installed libisl23:amd64 0.25-1.1
2025-02-04 16:46:20 status unpacked libisl23:amd64 0.25-1.1
2025-02-04 16:46:20 install libmpfr6:amd64 <none> 4.2.0-1
2025-02-04 16:46:20 status half-installed libmpfr6:amd64 4.2.0-1
2025-02-04 16:46:20 status unpacked libmpfr6:amd64 4.2.0-1
2025-02-04 16:46:20 install libmpc3:amd64 <none> 1.3.1-1
2025-02-04 16:46:20 status half-installed libmpc3:amd64 1.3.1-1
2025-02-04 16:46:20 status unpacked libmpc3:amd64 1.3.1-1
2025-02-04 16:46:20 install cpp-12:amd64 <none> 12.2.0-14
2025-02-04 16:46:20 status half-installed cpp-12:amd64 12.2.0-14
2025-02-04 16:46:20 status unpacked cpp-12:amd64 12.2.0-14
2025-02-04 16:46:20 install cpp:amd64 <none> 4:12.2.0-3
2025-02-04 16:46:20 status half-installed cpp:amd64 4:12.2.0-3
2025-02-04 16:46:20 status unpacked cpp:amd64 4:12.2.0-3
2025-02-04 16:46:20 install gcc-12-aarch64-linux-gnu-base:amd64 <none> 12.2.0-14cross1
2025-02-04 16:46:20 status half-installed gcc-12-aarch64-linux-gnu-base:amd64 12.2.0-14cross1
2025-02-04 16:46:20 status unpacked gcc-12-aarch64-linux-gnu-base:amd64 12.2.0-14cross1
2025-02-04 16:46:20 install cpp-12-aarch64-linux-gnu:amd64 <none> 12.2.0-14cross1
2025-02-04 16:46:20 status half-installed cpp-12-aarch64-linux-gnu:amd64 12.2.0-14cross1
2025-02-04 16:46:21 status unpacked cpp-12-aarch64-linux-gnu:amd64 12.2.0-14cross1
2025-02-04 16:46:21 install cpp-aarch64-linux-gnu:amd64 <none> 4:12.2.0-3
2025-02-04 16:46:21 status half-installed cpp-aarch64-linux-gnu:amd64 4:12.2.0-3
2025-02-04 16:46:21 status unpacked cpp-aarch64-linux-gnu:amd64 4:12.2.0-3
2025-02-04 16:46:21 install libcc1-0:amd64 <none> 12.2.0-14
2025-02-04 16:46:21 status half-installed libcc1-0:amd64 12.2.0-14
2025-02-04 16:46:21 status unpacked libcc1-0:amd64 12.2.0-14
2025-02-04 16:46:21 install libgomp1:amd64 <none> 12.2.0-14
2025-02-04 16:46:21 status half-installed libgomp1:amd64 12.2.0-14
2025-02-04 16:46:21 status unpacked libgomp1:amd64 12.2.0-14
2025-02-04 16:46:21 install libitm1:amd64 <none> 12.2.0-14
2025-02-04 16:46:21 status half-installed libitm1:amd64 12.2.0-14
2025-02-04 16:46:21 status unpacked libitm1:amd64 12.2.0-14
2025-02-04 16:46:21 install libatomic1:amd64 <none> 12.2.0-14
2025-02-04 16:46:21 status half-installed libatomic1:amd64 12.2.0-14
2025-02-04 16:46:21 status unpacked libatomic1:amd64 12.2.0-14
2025-02-04 16:46:21 install libasan8:amd64 <none> 12.2.0-14
2025-02-04 16:46:21 status half-installed libasan8:amd64 12.2.0-14
2025-02-04 16:46:21 status unpacked libasan8:amd64 12.2.0-14
2025-02-04 16:46:21 install liblsan0:amd64 <none> 12.2.0-14
2025-02-04 16:46:21 status half-installed liblsan0:amd64 12.2.0-14
2025-02-04 16:46:21 status unpacked liblsan0:amd64 12.2.0-14
2025-02-04 16:46:21 install libtsan2:amd64 <none> 12.2.0-14
2025-02-04 16:46:21 status half-installed libtsan2:amd64 12.2.0-14
2025-02-04 16:46:22 status unpacked libtsan2:amd64 12.2.0-14
2025-02-04 16:46:22 install libubsan1:amd64 <none> 12.2.0-14
2025-02-04 16:46:22 status half-installed libubsan1:amd64 12.2.0-14
2025-02-04 16:46:22 status unpacked libubsan1:amd64 12.2.0-14
2025-02-04 16:46:22 install libquadmath0:amd64 <none> 12.2.0-14
2025-02-04 16:46:22 status half-installed libquadmath0:amd64 12.2.0-14
2025-02-04 16:46:22 status unpacked libquadmath0:amd64 12.2.0-14
2025-02-04 16:46:22 install libgcc-12-dev:amd64 <none> 12.2.0-14
2025-02-04 16:46:22 status half-installed libgcc-12-dev:amd64 12.2.0-14
2025-02-04 16:46:22 status unpacked libgcc-12-dev:amd64 12.2.0-14
2025-02-04 16:46:22 install gcc-12:amd64 <none> 12.2.0-14
2025-02-04 16:46:22 status half-installed gcc-12:amd64 12.2.0-14
2025-02-04 16:46:23 status unpacked gcc-12:amd64 12.2.0-14
2025-02-04 16:46:23 install gcc:amd64 <none> 4:12.2.0-3
2025-02-04 16:46:23 status half-installed gcc:amd64 4:12.2.0-3
2025-02-04 16:46:23 status unpacked gcc:amd64 4:12.2.0-3
2025-02-04 16:46:23 install libc-dev-bin:amd64 <none> 2.36-9+deb12u9
2025-02-04 16:46:23 status half-installed libc-dev-bin:amd64 2.36-9+deb12u9
2025-02-04 16:46:23 status unpacked libc-dev-bin:amd64 2.36-9+deb12u9
2025-02-04 16:46:23 install linux-libc-dev:amd64 <none> 6.1.124-1
2025-02-04 16:46:23 status half-installed linux-libc-dev:amd64 6.1.124-1
2025-02-04 16:46:23 status unpacked linux-libc-dev:amd64 6.1.124-1
2025-02-04 16:46:23 install libcrypt-dev:amd64 <none> 1:4.4.33-2
2025-02-04 16:46:23 status half-installed libcrypt-dev:amd64 1:4.4.33-2
2025-02-04 16:46:23 status unpacked libcrypt-dev:amd64 1:4.4.33-2
2025-02-04 16:46:23 install libkrb5support0:amd64 <none> 1.20.1-2+deb12u2
2025-02-04 16:46:23 status half-installed libkrb5support0:amd64 1.20.1-2+deb12u2
2025-02-04 16:46:23 status unpacked libkrb5support0:amd64 1.20.1-2+deb12u2
2025-02-04 16:46:23 install libk5crypto3:amd64 <none> 1.20.1-2+deb12u2
2025-02-04 16:46:23 status half-installed libk5crypto3:amd64 1.20.1-2+deb12u2
2025-02-04 16:46:23 status unpacked libk5crypto3:amd64 1.20.1-2+deb12u2
2025-02-04 16:46:23 install libkeyutils1:amd64 <none> 1.6.3-2
2025-02-04 16:46:23 status half-installed libkeyutils1:amd64 1.6.3-2
2025-02-04 16:46:23 status unpacked libkeyutils1:amd64 1.6.3-2
2025-02-04 16:46:23 install libkrb5-3:amd64 <none> 1.20.1-2+deb12u2
2025-02-04 16:46:23 status half-installed libkrb5-3:amd64 1.20.1-2+deb12u2
2025-02-04 16:46:23 status unpacked libkrb5-3:amd64 1.20.1-2+deb12u2
2025-02-04 16:46:23 install libgssapi-krb5-2:amd64 <none> 1.20.1-2+deb12u2
2025-02-04 16:46:23 status half-installed libgssapi-krb5-2:amd64 1.20.1-2+deb12u2
2025-02-04 16:46:23 status unpacked libgssapi-krb5-2:amd64 1.20.1-2+deb12u2
2025-02-04 16:46:23 install libtirpc-common:all <none> 1.3.3+ds-1
2025-02-04 16:46:23 status half-installed libtirpc-common:all 1.3.3+ds-1
2025-02-04 16:46:23 status unpacked libtirpc-common:all 1.3.3+ds-1
2025-02-04 16:46:23 install libtirpc3:amd64 <none> 1.3.3+ds-1
2025-02-04 16:46:23 status half-installed libtirpc3:amd64 1.3.3+ds-1
2025-02-04 16:46:23 status unpacked libtirpc3:amd64 1.3.3+ds-1
2025-02-04 16:46:23 install libnsl2:amd64 <none> 1.3.0-2
2025-02-04 16:46:23 status half-installed libnsl2:amd64 1.3.0-2
2025-02-04 16:46:23 status unpacked libnsl2:amd64 1.3.0-2
2025-02-04 16:46:23 install libtirpc-dev:amd64 <none> 1.3.3+ds-1
2025-02-04 16:46:23 status half-installed libtirpc-dev:amd64 1.3.3+ds-1
2025-02-04 16:46:23 status unpacked libtirpc-dev:amd64 1.3.3+ds-1
2025-02-04 16:46:23 install libnsl-dev:amd64 <none> 1.3.0-2
2025-02-04 16:46:23 status half-installed libnsl-dev:amd64 1.3.0-2
2025-02-04 16:46:23 status unpacked libnsl-dev:amd64 1.3.0-2
2025-02-04 16:46:23 install rpcsvc-proto:amd64 <none> 1.4.3-1
2025-02-04 16:46:23 status half-installed rpcsvc-proto:amd64 1.4.3-1
2025-02-04 16:46:23 status unpacked rpcsvc-proto:amd64 1.4.3-1
2025-02-04 16:46:23 install libc6-dev:amd64 <none> 2.36-9+deb12u9
2025-02-04 16:46:23 status half-installed libc6-dev:amd64 2.36-9+deb12u9
2025-02-04 16:46:24 status unpacked libc6-dev:amd64 2.36-9+deb12u9
2025-02-04 16:46:24 install libstdc++-12-dev:amd64 <none> 12.2.0-14
2025-02-04 16:46:24 status half-installed libstdc++-12-dev:amd64 12.2.0-14
2025-02-04 16:46:24 status unpacked libstdc++-12-dev:amd64 12.2.0-14
2025-02-04 16:46:24 install g++-12:amd64 <none> 12.2.0-14
2025-02-04 16:46:24 status half-installed g++-12:amd64 12.2.0-14
2025-02-04 16:46:24 status unpacked g++-12:amd64 12.2.0-14
2025-02-04 16:46:24 install g++:amd64 <none> 4:12.2.0-3
2025-02-04 16:46:24 status half-installed g++:amd64 4:12.2.0-3
2025-02-04 16:46:24 status unpacked g++:amd64 4:12.2.0-3
2025-02-04 16:46:24 install gcc-12-cross-base:all <none> 12.2.0-14cross1
2025-02-04 16:46:24 status half-installed gcc-12-cross-base:all 12.2.0-14cross1
2025-02-04 16:46:24 status unpacked gcc-12-cross-base:all 12.2.0-14cross1
2025-02-04 16:46:24 install libc6-arm64-cross:all <none> 2.36-8cross1
2025-02-04 16:46:24 status half-installed libc6-arm64-cross:all 2.36-8cross1
2025-02-04 16:46:25 status unpacked libc6-arm64-cross:all 2.36-8cross1
2025-02-04 16:46:25 install libgcc-s1-arm64-cross:all <none> 12.2.0-14cross1
2025-02-04 16:46:25 status half-installed libgcc-s1-arm64-cross:all 12.2.0-14cross1
2025-02-04 16:46:25 status unpacked libgcc-s1-arm64-cross:all 12.2.0-14cross1
2025-02-04 16:46:25 install libgomp1-arm64-cross:all <none> 12.2.0-14cross1
2025-02-04 16:46:25 status half-installed libgomp1-arm64-cross:all 12.2.0-14cross1
2025-02-04 16:46:25 status unpacked libgomp1-arm64-cross:all 12.2.0-14cross1
2025-02-04 16:46:25 install libitm1-arm64-cross:all <none> 12.2.0-14cross1
2025-02-04 16:46:25 status half-installed libitm1-arm64-cross:all 12.2.0-14cross1
2025-02-04 16:46:25 status unpacked libitm1-arm64-cross:all 12.2.0-14cross1
2025-02-04 16:46:25 install libatomic1-arm64-cross:all <none> 12.2.0-14cross1
2025-02-04 16:46:25 status half-installed libatomic1-arm64-cross:all 12.2.0-14cross1
2025-02-04 16:46:25 status unpacked libatomic1-arm64-cross:all 12.2.0-14cross1
2025-02-04 16:46:25 install libasan8-arm64-cross:all <none> 12.2.0-14cross1
2025-02-04 16:46:25 status half-installed libasan8-arm64-cross:all 12.2.0-14cross1
2025-02-04 16:46:25 status unpacked libasan8-arm64-cross:all 12.2.0-14cross1
2025-02-04 16:46:25 install liblsan0-arm64-cross:all <none> 12.2.0-14cross1
2025-02-04 16:46:25 status half-installed liblsan0-arm64-cross:all 12.2.0-14cross1
2025-02-04 16:46:25 status unpacked liblsan0-arm64-cross:all 12.2.0-14cross1
2025-02-04 16:46:25 install libtsan2-arm64-cross:all <none> 12.2.0-14cross1
2025-02-04 16:46:25 status half-installed libtsan2-arm64-cross:all 12.2.0-14cross1
2025-02-04 16:46:25 status unpacked libtsan2-arm64-cross:all 12.2.0-14cross1
2025-02-04 16:46:25 install libstdc++6-arm64-cross:all <none> 12.2.0-14cross1
2025-02-04 16:46:25 status half-installed libstdc++6-arm64-cross:all 12.2.0-14cross1
2025-02-04 16:46:25 status unpacked libstdc++6-arm64-cross:all 12.2.0-14cross1
2025-02-04 16:46:25 install libubsan1-arm64-cross:all <none> 12.2.0-14cross1
2025-02-04 16:46:25 status half-installed libubsan1-arm64-cross:all 12.2.0-14cross1
2025-02-04 16:46:25 status unpacked libubsan1-arm64-cross:all 12.2.0-14cross1
2025-02-04 16:46:25 install libhwasan0-arm64-cross:all <none> 12.2.0-14cross1
2025-02-04 16:46:25 status half-installed libhwasan0-arm64-cross:all 12.2.0-14cross1
2025-02-04 16:46:25 status unpacked libhwasan0-arm64-cross:all 12.2.0-14cross1
2025-02-04 16:46:25 install libgcc-12-dev-arm64-cross:all <none> 12.2.0-14cross1
2025-02-04 16:46:25 status half-installed libgcc-12-dev-arm64-cross:all 12.2.0-14cross1
2025-02-04 16:46:26 status unpacked libgcc-12-dev-arm64-cross:all 12.2.0-14cross1
2025-02-04 16:46:26 install gcc-12-aarch64-linux-gnu:amd64 <none> 12.2.0-14cross1
2025-02-04 16:46:26 status half-installed gcc-12-aarch64-linux-gnu:amd64 12.2.0-14cross1
2025-02-04 16:46:26 status unpacked gcc-12-aarch64-linux-gnu:amd64 12.2.0-14cross1
2025-02-04 16:46:26 install gcc-aarch64-linux-gnu:amd64 <none> 4:12.2.0-3
2025-02-04 16:46:26 status half-installed gcc-aarch64-linux-gnu:amd64 4:12.2.0-3
2025-02-04 16:46:26 status unpacked gcc-aarch64-linux-gnu:amd64 4:12.2.0-3
2025-02-04 16:46:26 install libbrotli1:amd64 <none> 1.0.9-2+b6
2025-02-04 16:46:26 status half-installed libbrotli1:amd64 1.0.9-2+b6
2025-02-04 16:46:27 status unpacked libbrotli1:amd64 1.0.9-2+b6
2025-02-04 16:46:27 install libsasl2-modules-db:amd64 <none> 2.1.28+dfsg-10
2025-02-04 16:46:27 status half-installed libsasl2-modules-db:amd64 2.1.28+dfsg-10
2025-02-04 16:46:27 status unpacked libsasl2-modules-db:amd64 2.1.28+dfsg-10
2025-02-04 16:46:27 install libsasl2-2:amd64 <none> 2.1.28+dfsg-10
2025-02-04 16:46:27 status half-installed libsasl2-2:amd64 2.1.28+dfsg-10
2025-02-04 16:46:27 status unpacked libsasl2-2:amd64 2.1.28+dfsg-10
2025-02-04 16:46:28 install libldap-2.5-0:amd64 <none> 2.5.13+dfsg-5
2025-02-04 16:46:28 status half-installed libldap-2.5-0:amd64 2.5.13+dfsg-5
2025-02-04 16:46:28 status unpacked libldap-2.5-0:amd64 2.5.13+dfsg-5
2025-02-04 16:46:28 install libnghttp2-14:amd64 <none> 1.52.0-1+deb12u2
2025-02-04 16:46:28 status half-installed libnghttp2-14:amd64 1.52.0-1+deb12u2
2025-02-04 16:46:28 status unpacked libnghttp2-14:amd64 1.52.0-1+deb12u2
2025-02-04 16:46:28 install librtmp1:amd64 <none> 2.4+20151223.gitfa8646d.1-2+b2
2025-02-04 16:46:28 status half-installed librtmp1:amd64 2.4+20151223.gitfa8646d.1-2+b2
2025-02-04 16:46:28 status unpacked librtmp1:amd64 2.4+20151223.gitfa8646d.1-2+b2
2025-02-04 16:46:28 install libssh2-1:amd64 <none> 1.10.0-3+b1
2025-02-04 16:46:28 status half-installed libssh2-1:amd64 1.10.0-3+b1
2025-02-04 16:46:28 status unpacked libssh2-1:amd64 1.10.0-3+b1
2025-02-04 16:46:28 install libcurl3-gnutls:amd64 <none> 7.88.1-10+deb12u8
2025-02-04 16:46:28 status half-installed libcurl3-gnutls:amd64 7.88.1-10+deb12u8
2025-02-04 16:46:28 status unpacked libcurl3-gnutls:amd64 7.88.1-10+deb12u8
2025-02-04 16:46:28 install libexpat1:amd64 <none> 2.5.0-1+deb12u1
2025-02-04 16:46:28 status half-installed libexpat1:amd64 2.5.0-1+deb12u1
2025-02-04 16:46:28 status unpacked libexpat1:amd64 2.5.0-1+deb12u1
2025-02-04 16:46:28 install liberror-perl:all <none> 0.17029-2
2025-02-04 16:46:28 status half-installed liberror-perl:all 0.17029-2
2025-02-04 16:46:28 status unpacked liberror-perl:all 0.17029-2
2025-02-04 16:46:28 install git-man:all <none> 1:2.39.5-0+deb12u2
2025-02-04 16:46:28 status half-installed git-man:all 1:2.39.5-0+deb12u2
2025-02-04 16:46:28 status unpacked git-man:all 1:2.39.5-0+deb12u2
2025-02-04 16:46:28 install git:amd64 <none> 1:2.39.5-0+deb12u2
2025-02-04 16:46:28 status half-installed git:amd64 1:2.39.5-0+deb12u2
2025-02-04 16:46:29 status unpacked git:amd64 1:2.39.5-0+deb12u2
2025-02-04 16:46:29 install linux-libc-dev-arm64-cross:all <none> 6.1.4-1cross1
2025-02-04 16:46:29 status half-installed linux-libc-dev-arm64-cross:all 6.1.4-1cross1
2025-02-04 16:46:29 status unpacked linux-libc-dev-arm64-cross:all 6.1.4-1cross1
2025-02-04 16:46:29 install libc6-dev-arm64-cross:all <none> 2.36-8cross1
2025-02-04 16:46:29 status half-installed libc6-dev-arm64-cross:all 2.36-8cross1
2025-02-04 16:46:29 status unpacked libc6-dev-arm64-cross:all 2.36-8cross1
2025-02-04 16:46:29 install libpkgconf3:amd64 <none> 1.8.1-1
2025-02-04 16:46:29 status half-installed libpkgconf3:amd64 1.8.1-1
2025-02-04 16:46:29 status unpacked libpkgconf3:amd64 1.8.1-1
2025-02-04 16:46:29 install make:amd64 <none> 4.3-4.1
2025-02-04 16:46:29 status half-installed make:amd64 4.3-4.1
2025-02-04 16:46:29 status unpacked make:amd64 4.3-4.1
2025-02-04 16:46:29 install pkgconf-bin:amd64 <none> 1.8.1-1
2025-02-04 16:46:29 status half-installed pkgconf-bin:amd64 1.8.1-1
2025-02-04 16:46:29 status unpacked pkgconf-bin:amd64 1.8.1-1
2025-02-04 16:46:29 install pkgconf:amd64 <none> 1.8.1-1
2025-02-04 16:46:29 status half-installed pkgconf:amd64 1.8.1-1
2025-02-04 16:46:29 status unpacked pkgconf:amd64 1.8.1-1
2025-02-04 16:46:29 install pkg-config:amd64 <none> 1.8.1-1
2025-02-04 16:46:29 status half-installed pkg-config:amd64 1.8.1-1
2025-02-04 16:46:29 status unpacked pkg-config:amd64 1.8.1-1
2025-02-04 16:46:29 startup packages configure
2025-02-04 16:46:29 configure libexpat1:amd64 2.5.0-1+deb12u1 <none>
2025-02-04 16:46:29 status unpacked libexpat1:amd64 2.5.0-1+deb12u1
2025-02-04 16:46:29 status half-configured libexpat1:amd64 2.5.0-1+deb12u1
2025-02-04 16:46:29 status installed libexpat1:amd64 2.5.0-1+deb12u1
2025-02-04 16:46:29 configure libkeyutils1:amd64 1.6.3-2 <none>
2025-02-04 16:46:29 status unpacked libkeyutils1:amd64 1.6.3-2
2025-02-04 16:46:29 status half-configured libkeyutils1:amd64 1.6.3-2
2025-02-04 16:46:29 status installed libkeyutils1:amd64 1.6.3-2
2025-02-04 16:46:29 configure libpsl5:amd64 0.21.2-1 <none>
2025-02-04 16:46:29 status unpacked libpsl5:amd64 0.21.2-1
2025-02-04 16:46:29 status half-configured libpsl5:amd64 0.21.2-1
2025-02-04 16:46:29 status installed libpsl5:amd64 0.21.2-1
2025-02-04 16:46:29 configure gcc-12-cross-base:all 12.2.0-14cross1 <none>
2025-02-04 16:46:29 status unpacked gcc-12-cross-base:all 12.2.0-14cross1
2025-02-04 16:46:29 status half-configured gcc-12-cross-base:all 12.2.0-14cross1
2025-02-04 16:46:29 status installed gcc-12-cross-base:all 12.2.0-14cross1
2025-02-04 16:46:29 configure wget:amd64 1.21.3-1+b2 <none>
2025-02-04 16:46:29 status unpacked wget:amd64 1.21.3-1+b2
2025-02-04 16:46:29 status half-configured wget:amd64 1.21.3-1+b2
2025-02-04 16:46:29 status installed wget:amd64 1.21.3-1+b2
2025-02-04 16:46:29 configure gcc-12-aarch64-linux-gnu-base:amd64 12.2.0-14cross1 <none>
2025-02-04 16:46:29 status unpacked gcc-12-aarch64-linux-gnu-base:amd64 12.2.0-14cross1
2025-02-04 16:46:29 status half-configured gcc-12-aarch64-linux-gnu-base:amd64 12.2.0-14cross1
2025-02-04 16:46:29 status installed gcc-12-aarch64-linux-gnu-base:amd64 12.2.0-14cross1
2025-02-04 16:46:29 configure libtirpc-common:all 1.3.3+ds-1 <none>
2025-02-04 16:46:29 status unpacked libtirpc-common:all 1.3.3+ds-1
2025-02-04 16:46:30 status half-configured libtirpc-common:all 1.3.3+ds-1
2025-02-04 16:46:30 status installed libtirpc-common:all 1.3.3+ds-1
2025-02-04 16:46:30 configure libbrotli1:amd64 1.0.9-2+b6 <none>
2025-02-04 16:46:30 status unpacked libbrotli1:amd64 1.0.9-2+b6
2025-02-04 16:46:30 status half-configured libbrotli1:amd64 1.0.9-2+b6
2025-02-04 16:46:30 status installed libbrotli1:amd64 1.0.9-2+b6
2025-02-04 16:46:30 configure binutils-common:amd64 2.40-2 <none>
2025-02-04 16:46:30 status unpacked binutils-common:amd64 2.40-2
2025-02-04 16:46:30 status half-configured binutils-common:amd64 2.40-2
2025-02-04 16:46:30 status installed binutils-common:amd64 2.40-2
2025-02-04 16:46:30 configure libssl3:amd64 3.0.15-1~deb12u1 <none>
2025-02-04 16:46:30 status unpacked libssl3:amd64 3.0.15-1~deb12u1
2025-02-04 16:46:30 status half-configured libssl3:amd64 3.0.15-1~deb12u1
2025-02-04 16:46:30 status installed libssl3:amd64 3.0.15-1~deb12u1
2025-02-04 16:46:30 configure libnghttp2-14:amd64 1.52.0-1+deb12u2 <none>
2025-02-04 16:46:30 status unpacked libnghttp2-14:amd64 1.52.0-1+deb12u2
2025-02-04 16:46:30 status half-configured libnghttp2-14:amd64 1.52.0-1+deb12u2
2025-02-04 16:46:30 status installed libnghttp2-14:amd64 1.52.0-1+deb12u2
2025-02-04 16:46:30 configure linux-libc-dev:amd64 6.1.124-1 <none>
2025-02-04 16:46:30 status unpacked linux-libc-dev:amd64 6.1.124-1
2025-02-04 16:46:30 status half-configured linux-libc-dev:amd64 6.1.124-1
2025-02-04 16:46:30 status installed linux-libc-dev:amd64 6.1.124-1
2025-02-04 16:46:30 configure libctf-nobfd0:amd64 2.40-2 <none>
2025-02-04 16:46:30 status unpacked libctf-nobfd0:amd64 2.40-2
2025-02-04 16:46:30 status half-configured libctf-nobfd0:amd64 2.40-2
2025-02-04 16:46:30 status installed libctf-nobfd0:amd64 2.40-2
2025-02-04 16:46:30 configure libgomp1:amd64 12.2.0-14 <none>
2025-02-04 16:46:30 status unpacked libgomp1:amd64 12.2.0-14
2025-02-04 16:46:30 status half-configured libgomp1:amd64 12.2.0-14
2025-02-04 16:46:30 status installed libgomp1:amd64 12.2.0-14
2025-02-04 16:46:30 configure libjansson4:amd64 2.14-2 <none>
2025-02-04 16:46:30 status unpacked libjansson4:amd64 2.14-2
2025-02-04 16:46:30 status half-configured libjansson4:amd64 2.14-2
2025-02-04 16:46:30 status installed libjansson4:amd64 2.14-2
2025-02-04 16:46:30 configure libkrb5support0:amd64 1.20.1-2+deb12u2 <none>
2025-02-04 16:46:30 status unpacked libkrb5support0:amd64 1.20.1-2+deb12u2
2025-02-04 16:46:30 status half-configured libkrb5support0:amd64 1.20.1-2+deb12u2
2025-02-04 16:46:30 status installed libkrb5support0:amd64 1.20.1-2+deb12u2
2025-02-04 16:46:30 configure libsasl2-modules-db:amd64 2.1.28+dfsg-10 <none>
2025-02-04 16:46:30 status unpacked libsasl2-modules-db:amd64 2.1.28+dfsg-10
2025-02-04 16:46:30 status half-configured libsasl2-modules-db:amd64 2.1.28+dfsg-10
2025-02-04 16:46:30 status installed libsasl2-modules-db:amd64 2.1.28+dfsg-10
2025-02-04 16:46:30 configure perl-modules-5.36:all 5.36.0-7+deb12u1 <none>
2025-02-04 16:46:30 status unpacked perl-modules-5.36:all 5.36.0-7+deb12u1
2025-02-04 16:46:30 status half-configured perl-modules-5.36:all 5.36.0-7+deb12u1
2025-02-04 16:46:30 status installed perl-modules-5.36:all 5.36.0-7+deb12u1
2025-02-04 16:46:30 configure libpkgconf3:amd64 1.8.1-1 <none>
2025-02-04 16:46:30 status unpacked libpkgconf3:amd64 1.8.1-1
2025-02-04 16:46:30 status half-configured libpkgconf3:amd64 1.8.1-1
2025-02-04 16:46:30 status installed libpkgconf3:amd64 1.8.1-1
2025-02-04 16:46:30 configure rpcsvc-proto:amd64 1.4.3-1 <none>
2025-02-04 16:46:30 status unpacked rpcsvc-proto:amd64 1.4.3-1
2025-02-04 16:46:30 status half-configured rpcsvc-proto:amd64 1.4.3-1
2025-02-04 16:46:30 status installed rpcsvc-proto:amd64 1.4.3-1
2025-02-04 16:46:30 configure make:amd64 4.3-4.1 <none>
2025-02-04 16:46:30 status unpacked make:amd64 4.3-4.1
2025-02-04 16:46:30 status half-configured make:amd64 4.3-4.1
2025-02-04 16:46:30 status installed make:amd64 4.3-4.1
2025-02-04 16:46:30 configure libmpfr6:amd64 4.2.0-1 <none>
2025-02-04 16:46:30 status unpacked libmpfr6:amd64 4.2.0-1
2025-02-04 16:46:30 status half-configured libmpfr6:amd64 4.2.0-1
2025-02-04 16:46:30 status installed libmpfr6:amd64 4.2.0-1
2025-02-04 16:46:30 configure librtmp1:amd64 2.4+20151223.gitfa8646d.1-2+b2 <none>
2025-02-04 16:46:30 status unpacked librtmp1:amd64 2.4+20151223.gitfa8646d.1-2+b2
2025-02-04 16:46:30 status half-configured librtmp1:amd64 2.4+20151223.gitfa8646d.1-2+b2
2025-02-04 16:46:30 status installed librtmp1:amd64 2.4+20151223.gitfa8646d.1-2+b2
2025-02-04 16:46:30 configure libc6-arm64-cross:all 2.36-8cross1 <none>
2025-02-04 16:46:30 status unpacked libc6-arm64-cross:all 2.36-8cross1
2025-02-04 16:46:30 status half-configured libc6-arm64-cross:all 2.36-8cross1
2025-02-04 16:46:30 status installed libc6-arm64-cross:all 2.36-8cross1
2025-02-04 16:46:30 configure libquadmath0:amd64 12.2.0-14 <none>
2025-02-04 16:46:30 status unpacked libquadmath0:amd64 12.2.0-14
2025-02-04 16:46:30 status half-configured libquadmath0:amd64 12.2.0-14
2025-02-04 16:46:30 status installed libquadmath0:amd64 12.2.0-14
2025-02-04 16:46:30 configure libmpc3:amd64 1.3.1-1 <none>
2025-02-04 16:46:30 status unpacked libmpc3:amd64 1.3.1-1
2025-02-04 16:46:30 status half-configured libmpc3:amd64 1.3.1-1
2025-02-04 16:46:30 status installed libmpc3:amd64 1.3.1-1
2025-02-04 16:46:30 configure libatomic1:amd64 12.2.0-14 <none>
2025-02-04 16:46:30 status unpacked libatomic1:amd64 12.2.0-14
2025-02-04 16:46:30 status half-configured libatomic1:amd64 12.2.0-14
2025-02-04 16:46:30 status installed libatomic1:amd64 12.2.0-14
2025-02-04 16:46:30 configure libitm1-arm64-cross:all 12.2.0-14cross1 <none>
2025-02-04 16:46:30 status unpacked libitm1-arm64-cross:all 12.2.0-14cross1
2025-02-04 16:46:30 status half-configured libitm1-arm64-cross:all 12.2.0-14cross1
2025-02-04 16:46:30 status installed libitm1-arm64-cross:all 12.2.0-14cross1
2025-02-04 16:46:30 configure pkgconf-bin:amd64 1.8.1-1 <none>
2025-02-04 16:46:30 status unpacked pkgconf-bin:amd64 1.8.1-1
2025-02-04 16:46:30 status half-configured pkgconf-bin:amd64 1.8.1-1
2025-02-04 16:46:30 status installed pkgconf-bin:amd64 1.8.1-1
2025-02-04 16:46:30 configure libk5crypto3:amd64 1.20.1-2+deb12u2 <none>
2025-02-04 16:46:30 status unpacked libk5crypto3:amd64 1.20.1-2+deb12u2
2025-02-04 16:46:30 status half-configured libk5crypto3:amd64 1.20.1-2+deb12u2
2025-02-04 16:46:30 status installed libk5crypto3:amd64 1.20.1-2+deb12u2
2025-02-04 16:46:30 configure libsasl2-2:amd64 2.1.28+dfsg-10 <none>
2025-02-04 16:46:30 status unpacked libsasl2-2:amd64 2.1.28+dfsg-10
2025-02-04 16:46:30 status half-configured libsasl2-2:amd64 2.1.28+dfsg-10
2025-02-04 16:46:30 status installed libsasl2-2:amd64 2.1.28+dfsg-10
2025-02-04 16:46:30 configure linux-libc-dev-arm64-cross:all 6.1.4-1cross1 <none>
2025-02-04 16:46:30 status unpacked linux-libc-dev-arm64-cross:all 6.1.4-1cross1
2025-02-04 16:46:30 status half-configured linux-libc-dev-arm64-cross:all 6.1.4-1cross1
2025-02-04 16:46:30 status installed linux-libc-dev-arm64-cross:all 6.1.4-1cross1
2025-02-04 16:46:30 configure libubsan1:amd64 12.2.0-14 <none>
2025-02-04 16:46:30 status unpacked libubsan1:amd64 12.2.0-14
2025-02-04 16:46:30 status half-configured libubsan1:amd64 12.2.0-14
2025-02-04 16:46:30 status installed libubsan1:amd64 12.2.0-14
2025-02-04 16:46:30 configure libcrypt-dev:amd64 1:4.4.33-2 <none>
2025-02-04 16:46:30 status unpacked libcrypt-dev:amd64 1:4.4.33-2
2025-02-04 16:46:30 status half-configured libcrypt-dev:amd64 1:4.4.33-2
2025-02-04 16:46:30 status installed libcrypt-dev:amd64 1:4.4.33-2
2025-02-04 16:46:30 configure libasan8:amd64 12.2.0-14 <none>
2025-02-04 16:46:30 status unpacked libasan8:amd64 12.2.0-14
2025-02-04 16:46:30 status half-configured libasan8:amd64 12.2.0-14
2025-02-04 16:46:30 status installed libasan8:amd64 12.2.0-14
2025-02-04 16:46:30 configure git-man:all 1:2.39.5-0+deb12u2 <none>
2025-02-04 16:46:30 status unpacked git-man:all 1:2.39.5-0+deb12u2
2025-02-04 16:46:30 status half-configured git-man:all 1:2.39.5-0+deb12u2
2025-02-04 16:46:30 status installed git-man:all 1:2.39.5-0+deb12u2
2025-02-04 16:46:30 configure libssh2-1:amd64 1.10.0-3+b1 <none>
2025-02-04 16:46:30 status unpacked libssh2-1:amd64 1.10.0-3+b1
2025-02-04 16:46:30 status half-configured libssh2-1:amd64 1.10.0-3+b1
2025-02-04 16:46:30 status installed libssh2-1:amd64 1.10.0-3+b1
2025-02-04 16:46:30 configure libkrb5-3:amd64 1.20.1-2+deb12u2 <none>
2025-02-04 16:46:30 status unpacked libkrb5-3:amd64 1.20.1-2+deb12u2
2025-02-04 16:46:30 status half-configured libkrb5-3:amd64 1.20.1-2+deb12u2
2025-02-04 16:46:30 status installed libkrb5-3:amd64 1.20.1-2+deb12u2
2025-02-04 16:46:30 configure libtsan2:amd64 12.2.0-14 <none>
2025-02-04 16:46:30 status unpacked libtsan2:amd64 12.2.0-14
2025-02-04 16:46:30 status half-configured libtsan2:amd64 12.2.0-14
2025-02-04 16:46:30 status installed libtsan2:amd64 12.2.0-14
2025-02-04 16:46:30 configure libbinutils:amd64 2.40-2 <none>
2025-02-04 16:46:30 status unpacked libbinutils:amd64 2.40-2
2025-02-04 16:46:30 status half-configured libbinutils:amd64 2.40-2
2025-02-04 16:46:30 status installed libbinutils:amd64 2.40-2
2025-02-04 16:46:30 configure libisl23:amd64 0.25-1.1 <none>
2025-02-04 16:46:30 status unpacked libisl23:amd64 0.25-1.1
2025-02-04 16:46:30 status half-configured libisl23:amd64 0.25-1.1
2025-02-04 16:46:30 status installed libisl23:amd64 0.25-1.1
2025-02-04 16:46:30 configure libc-dev-bin:amd64 2.36-9+deb12u9 <none>
2025-02-04 16:46:30 status unpacked libc-dev-bin:amd64 2.36-9+deb12u9
2025-02-04 16:46:30 status half-configured libc-dev-bin:amd64 2.36-9+deb12u9
2025-02-04 16:46:30 status installed libc-dev-bin:amd64 2.36-9+deb12u9
2025-02-04 16:46:30 configure openssl:amd64 3.0.15-1~deb12u1 <none>
2025-02-04 16:46:30 status unpacked openssl:amd64 3.0.15-1~deb12u1
2025-02-04 16:46:30 status half-configured openssl:amd64 3.0.15-1~deb12u1
2025-02-04 16:46:30 status installed openssl:amd64 3.0.15-1~deb12u1
2025-02-04 16:46:30 configure libcc1-0:amd64 12.2.0-14 <none>
2025-02-04 16:46:30 status unpacked libcc1-0:amd64 12.2.0-14
2025-02-04 16:46:30 status half-configured libcc1-0:amd64 12.2.0-14
2025-02-04 16:46:30 status installed libcc1-0:amd64 12.2.0-14
2025-02-04 16:46:30 configure liblsan0:amd64 12.2.0-14 <none>
2025-02-04 16:46:30 status unpacked liblsan0:amd64 12.2.0-14
2025-02-04 16:46:30 status half-configured liblsan0:amd64 12.2.0-14
2025-02-04 16:46:30 status installed liblsan0:amd64 12.2.0-14
2025-02-04 16:46:30 configure libitm1:amd64 12.2.0-14 <none>
2025-02-04 16:46:30 status unpacked libitm1:amd64 12.2.0-14
2025-02-04 16:46:30 status half-configured libitm1:amd64 12.2.0-14
2025-02-04 16:46:30 status installed libitm1:amd64 12.2.0-14
2025-02-04 16:46:30 configure libgdbm6:amd64 1.23-3 <none>
2025-02-04 16:46:30 status unpacked libgdbm6:amd64 1.23-3
2025-02-04 16:46:30 status half-configured libgdbm6:amd64 1.23-3
2025-02-04 16:46:30 status installed libgdbm6:amd64 1.23-3
2025-02-04 16:46:30 configure libgcc-s1-arm64-cross:all 12.2.0-14cross1 <none>
2025-02-04 16:46:30 status unpacked libgcc-s1-arm64-cross:all 12.2.0-14cross1
2025-02-04 16:46:30 status half-configured libgcc-s1-arm64-cross:all 12.2.0-14cross1
2025-02-04 16:46:30 status installed libgcc-s1-arm64-cross:all 12.2.0-14cross1
2025-02-04 16:46:30 configure libctf0:amd64 2.40-2 <none>
2025-02-04 16:46:30 status unpacked libctf0:amd64 2.40-2
2025-02-04 16:46:30 status half-configured libctf0:amd64 2.40-2
2025-02-04 16:46:30 status installed libctf0:amd64 2.40-2
2025-02-04 16:46:30 configure libatomic1-arm64-cross:all 12.2.0-14cross1 <none>
2025-02-04 16:46:30 status unpacked libatomic1-arm64-cross:all 12.2.0-14cross1
2025-02-04 16:46:30 status half-configured libatomic1-arm64-cross:all 12.2.0-14cross1
2025-02-04 16:46:30 status installed libatomic1-arm64-cross:all 12.2.0-14cross1
2025-02-04 16:46:30 configure liblsan0-arm64-cross:all 12.2.0-14cross1 <none>
2025-02-04 16:46:30 status unpacked liblsan0-arm64-cross:all 12.2.0-14cross1
2025-02-04 16:46:30 status half-configured liblsan0-arm64-cross:all 12.2.0-14cross1
2025-02-04 16:46:30 status installed liblsan0-arm64-cross:all 12.2.0-14cross1
2025-02-04 16:46:30 configure libgomp1-arm64-cross:all 12.2.0-14cross1 <none>
2025-02-04 16:46:30 status unpacked libgomp1-arm64-cross:all 12.2.0-14cross1
2025-02-04 16:46:30 status half-configured libgomp1-arm64-cross:all 12.2.0-14cross1
2025-02-04 16:46:30 status installed libgomp1-arm64-cross:all 12.2.0-14cross1
2025-02-04 16:46:30 configure cpp-12:amd64 12.2.0-14 <none>
2025-02-04 16:46:30 status unpacked cpp-12:amd64 12.2.0-14
2025-02-04 16:46:30 status half-configured cpp-12:amd64 12.2.0-14
2025-02-04 16:46:30 status installed cpp-12:amd64 12.2.0-14
2025-02-04 16:46:30 configure cpp-12-aarch64-linux-gnu:amd64 12.2.0-14cross1 <none>
2025-02-04 16:46:30 status unpacked cpp-12-aarch64-linux-gnu:amd64 12.2.0-14cross1
2025-02-04 16:46:30 status half-configured cpp-12-aarch64-linux-gnu:amd64 12.2.0-14cross1
2025-02-04 16:46:30 status installed cpp-12-aarch64-linux-gnu:amd64 12.2.0-14cross1
2025-02-04 16:46:30 configure binutils-aarch64-linux-gnu:amd64 2.40-2 <none>
2025-02-04 16:46:30 status unpacked binutils-aarch64-linux-gnu:amd64 2.40-2
2025-02-04 16:46:30 status half-configured binutils-aarch64-linux-gnu:amd64 2.40-2
2025-02-04 16:46:30 status installed binutils-aarch64-linux-gnu:amd64 2.40-2
2025-02-04 16:46:30 configure libhwasan0-arm64-cross:all 12.2.0-14cross1 <none>
2025-02-04 16:46:30 status unpacked libhwasan0-arm64-cross:all 12.2.0-14cross1
2025-02-04 16:46:30 status half-configured libhwasan0-arm64-cross:all 12.2.0-14cross1
2025-02-04 16:46:30 status installed libhwasan0-arm64-cross:all 12.2.0-14cross1
2025-02-04 16:46:30 configure libc6-dev-arm64-cross:all 2.36-8cross1 <none>
2025-02-04 16:46:30 status unpacked libc6-dev-arm64-cross:all 2.36-8cross1
2025-02-04 16:46:30 status half-configured libc6-dev-arm64-cross:all 2.36-8cross1
2025-02-04 16:46:30 status installed libc6-dev-arm64-cross:all 2.36-8cross1
2025-02-04 16:46:30 configure libldap-2.5-0:amd64 2.5.13+dfsg-5 <none>
2025-02-04 16:46:30 status unpacked libldap-2.5-0:amd64 2.5.13+dfsg-5
2025-02-04 16:46:30 status half-configured libldap-2.5-0:amd64 2.5.13+dfsg-5
2025-02-04 16:46:30 status installed libldap-2.5-0:amd64 2.5.13+dfsg-5
2025-02-04 16:46:30 configure pkgconf:amd64 1.8.1-1 <none>
2025-02-04 16:46:30 status unpacked pkgconf:amd64 1.8.1-1
2025-02-04 16:46:30 status half-configured pkgconf:amd64 1.8.1-1
2025-02-04 16:46:30 status installed pkgconf:amd64 1.8.1-1
2025-02-04 16:46:30 configure libstdc++6-arm64-cross:all 12.2.0-14cross1 <none>
2025-02-04 16:46:30 status unpacked libstdc++6-arm64-cross:all 12.2.0-14cross1
2025-02-04 16:46:30 status half-configured libstdc++6-arm64-cross:all 12.2.0-14cross1
2025-02-04 16:46:30 status installed libstdc++6-arm64-cross:all 12.2.0-14cross1
2025-02-04 16:46:30 configure ca-certificates:all 20230311 <none>
2025-02-04 16:46:30 status unpacked ca-certificates:all 20230311
2025-02-04 16:46:30 status half-configured ca-certificates:all 20230311
2025-02-04 16:46:31 status installed ca-certificates:all 20230311
2025-02-04 16:46:31 status triggers-pending ca-certificates:all 20230311
2025-02-04 16:46:31 configure cpp-aarch64-linux-gnu:amd64 4:12.2.0-3 <none>
2025-02-04 16:46:31 status unpacked cpp-aarch64-linux-gnu:amd64 4:12.2.0-3
2025-02-04 16:46:31 status half-configured cpp-aarch64-linux-gnu:amd64 4:12.2.0-3
2025-02-04 16:46:31 status installed cpp-aarch64-linux-gnu:amd64 4:12.2.0-3
2025-02-04 16:46:31 configure libgprofng0:amd64 2.40-2 <none>
2025-02-04 16:46:31 status unpacked libgprofng0:amd64 2.40-2
2025-02-04 16:46:31 status half-configured libgprofng0:amd64 2.40-2
2025-02-04 16:46:31 status installed libgprofng0:amd64 2.40-2
2025-02-04 16:46:31 configure libgcc-12-dev:amd64 12.2.0-14 <none>
2025-02-04 16:46:31 status unpacked libgcc-12-dev:amd64 12.2.0-14
2025-02-04 16:46:31 status half-configured libgcc-12-dev:amd64 12.2.0-14
2025-02-04 16:46:31 status installed libgcc-12-dev:amd64 12.2.0-14
2025-02-04 16:46:31 configure libgssapi-krb5-2:amd64 1.20.1-2+deb12u2 <none>
2025-02-04 16:46:31 status unpacked libgssapi-krb5-2:amd64 1.20.1-2+deb12u2
2025-02-04 16:46:31 status half-configured libgssapi-krb5-2:amd64 1.20.1-2+deb12u2
2025-02-04 16:46:31 status installed libgssapi-krb5-2:amd64 1.20.1-2+deb12u2
2025-02-04 16:46:31 configure pkg-config:amd64 1.8.1-1 <none>
2025-02-04 16:46:31 status unpacked pkg-config:amd64 1.8.1-1
2025-02-04 16:46:31 status half-configured pkg-config:amd64 1.8.1-1
2025-02-04 16:46:31 status installed pkg-config:amd64 1.8.1-1
2025-02-04 16:46:31 configure libgdbm-compat4:amd64 1.23-3 <none>
2025-02-04 16:46:31 status unpacked libgdbm-compat4:amd64 1.23-3
2025-02-04 16:46:31 status half-configured libgdbm-compat4:amd64 1.23-3
2025-02-04 16:46:31 status installed libgdbm-compat4:amd64 1.23-3
2025-02-04 16:46:31 configure cpp:amd64 4:12.2.0-3 <none>
2025-02-04 16:46:31 status unpacked cpp:amd64 4:12.2.0-3
2025-02-04 16:46:31 status half-configured cpp:amd64 4:12.2.0-3
2025-02-04 16:46:31 status installed cpp:amd64 4:12.2.0-3
2025-02-04 16:46:31 configure libasan8-arm64-cross:all 12.2.0-14cross1 <none>
2025-02-04 16:46:31 status unpacked libasan8-arm64-cross:all 12.2.0-14cross1
2025-02-04 16:46:31 status half-configured libasan8-arm64-cross:all 12.2.0-14cross1
2025-02-04 16:46:31 status installed libasan8-arm64-cross:all 12.2.0-14cross1
2025-02-04 16:46:31 configure libtsan2-arm64-cross:all 12.2.0-14cross1 <none>
2025-02-04 16:46:31 status unpacked libtsan2-arm64-cross:all 12.2.0-14cross1
2025-02-04 16:46:31 status half-configured libtsan2-arm64-cross:all 12.2.0-14cross1
2025-02-04 16:46:31 status installed libtsan2-arm64-cross:all 12.2.0-14cross1
2025-02-04 16:46:31 configure libperl5.36:amd64 5.36.0-7+deb12u1 <none>
2025-02-04 16:46:31 status unpacked libperl5.36:amd64 5.36.0-7+deb12u1
2025-02-04 16:46:31 status half-configured libperl5.36:amd64 5.36.0-7+deb12u1
2025-02-04 16:46:31 status installed libperl5.36:amd64 5.36.0-7+deb12u1
2025-02-04 16:46:31 configure binutils-x86-64-linux-gnu:amd64 2.40-2 <none>
2025-02-04 16:46:31 status unpacked binutils-x86-64-linux-gnu:amd64 2.40-2
2025-02-04 16:46:31 status half-configured binutils-x86-64-linux-gnu:amd64 2.40-2
2025-02-04 16:46:31 status installed binutils-x86-64-linux-gnu:amd64 2.40-2
2025-02-04 16:46:31 configure libtirpc3:amd64 1.3.3+ds-1 <none>
2025-02-04 16:46:31 status unpacked libtirpc3:amd64 1.3.3+ds-1
2025-02-04 16:46:31 status half-configured libtirpc3:amd64 1.3.3+ds-1
2025-02-04 16:46:31 status installed libtirpc3:amd64 1.3.3+ds-1
2025-02-04 16:46:31 configure libubsan1-arm64-cross:all 12.2.0-14cross1 <none>
2025-02-04 16:46:31 status unpacked libubsan1-arm64-cross:all 12.2.0-14cross1
2025-02-04 16:46:31 status half-configured libubsan1-arm64-cross:all 12.2.0-14cross1
2025-02-04 16:46:31 status installed libubsan1-arm64-cross:all 12.2.0-14cross1
2025-02-04 16:46:31 configure libcurl3-gnutls:amd64 7.88.1-10+deb12u8 <none>
2025-02-04 16:46:31 status unpacked libcurl3-gnutls:amd64 7.88.1-10+deb12u8
2025-02-04 16:46:31 status half-configured libcurl3-gnutls:amd64 7.88.1-10+deb12u8
2025-02-04 16:46:31 status installed libcurl3-gnutls:amd64 7.88.1-10+deb12u8
2025-02-04 16:46:31 configure binutils:amd64 2.40-2 <none>
2025-02-04 16:46:31 status unpacked binutils:amd64 2.40-2
2025-02-04 16:46:31 status half-configured binutils:amd64 2.40-2
2025-02-04 16:46:31 status installed binutils:amd64 2.40-2
2025-02-04 16:46:31 configure libgcc-12-dev-arm64-cross:all 12.2.0-14cross1 <none>
2025-02-04 16:46:31 status unpacked libgcc-12-dev-arm64-cross:all 12.2.0-14cross1
2025-02-04 16:46:31 status half-configured libgcc-12-dev-arm64-cross:all 12.2.0-14cross1
2025-02-04 16:46:31 status installed libgcc-12-dev-arm64-cross:all 12.2.0-14cross1
2025-02-04 16:46:31 configure gcc-12-aarch64-linux-gnu:amd64 12.2.0-14cross1 <none>
2025-02-04 16:46:31 status unpacked gcc-12-aarch64-linux-gnu:amd64 12.2.0-14cross1
2025-02-04 16:46:31 status half-configured gcc-12-aarch64-linux-gnu:amd64 12.2.0-14cross1
2025-02-04 16:46:31 status installed gcc-12-aarch64-linux-gnu:amd64 12.2.0-14cross1
2025-02-04 16:46:31 configure perl:amd64 5.36.0-7+deb12u1 <none>
2025-02-04 16:46:31 status unpacked perl:amd64 5.36.0-7+deb12u1
2025-02-04 16:46:31 status half-configured perl:amd64 5.36.0-7+deb12u1
2025-02-04 16:46:31 status installed perl:amd64 5.36.0-7+deb12u1
2025-02-04 16:46:31 configure libtirpc-dev:amd64 1.3.3+ds-1 <none>
2025-02-04 16:46:31 status unpacked libtirpc-dev:amd64 1.3.3+ds-1
2025-02-04 16:46:31 status half-configured libtirpc-dev:amd64 1.3.3+ds-1
2025-02-04 16:46:31 status installed libtirpc-dev:amd64 1.3.3+ds-1
2025-02-04 16:46:31 configure gcc-12:amd64 12.2.0-14 <none>
2025-02-04 16:46:31 status unpacked gcc-12:amd64 12.2.0-14
2025-02-04 16:46:31 status half-configured gcc-12:amd64 12.2.0-14
2025-02-04 16:46:31 status installed gcc-12:amd64 12.2.0-14
2025-02-04 16:46:31 configure libnsl2:amd64 1.3.0-2 <none>
2025-02-04 16:46:31 status unpacked libnsl2:amd64 1.3.0-2
2025-02-04 16:46:31 status half-configured libnsl2:amd64 1.3.0-2
2025-02-04 16:46:32 status installed libnsl2:amd64 1.3.0-2
2025-02-04 16:46:32 configure gcc-aarch64-linux-gnu:amd64 4:12.2.0-3 <none>
2025-02-04 16:46:32 status unpacked gcc-aarch64-linux-gnu:amd64 4:12.2.0-3
2025-02-04 16:46:32 status half-configured gcc-aarch64-linux-gnu:amd64 4:12.2.0-3
2025-02-04 16:46:32 status installed gcc-aarch64-linux-gnu:amd64 4:12.2.0-3
2025-02-04 16:46:32 configure gcc:amd64 4:12.2.0-3 <none>
2025-02-04 16:46:32 status unpacked gcc:amd64 4:12.2.0-3
2025-02-04 16:46:32 status half-configured gcc:amd64 4:12.2.0-3
2025-02-04 16:46:32 status installed gcc:amd64 4:12.2.0-3
2025-02-04 16:46:32 configure liberror-perl:all 0.17029-2 <none>
2025-02-04 16:46:32 status unpacked liberror-perl:all 0.17029-2
2025-02-04 16:46:32 status half-configured liberror-perl:all 0.17029-2
2025-02-04 16:46:32 status installed liberror-perl:all 0.17029-2
2025-02-04 16:46:32 configure git:amd64 1:2.39.5-0+deb12u2 <none>
2025-02-04 16:46:32 status unpacked git:amd64 1:2.39.5-0+deb12u2
2025-02-04 16:46:32 status half-configured git:amd64 1:2.39.5-0+deb12u2
2025-02-04 16:46:32 status installed git:amd64 1:2.39.5-0+deb12u2
2025-02-04 16:46:32 configure libnsl-dev:amd64 1.3.0-2 <none>
2025-02-04 16:46:32 status unpacked libnsl-dev:amd64 1.3.0-2
2025-02-04 16:46:32 status half-configured libnsl-dev:amd64 1.3.0-2
2025-02-04 16:46:32 status installed libnsl-dev:amd64 1.3.0-2
2025-02-04 16:46:32 configure libc6-dev:amd64 2.36-9+deb12u9 <none>
2025-02-04 16:46:32 status unpacked libc6-dev:amd64 2.36-9+deb12u9
2025-02-04 16:46:32 status half-configured libc6-dev:amd64 2.36-9+deb12u9
2025-02-04 16:46:32 status installed libc6-dev:amd64 2.36-9+deb12u9
2025-02-04 16:46:32 configure libstdc++-12-dev:amd64 12.2.0-14 <none>
2025-02-04 16:46:32 status unpacked libstdc++-12-dev:amd64 12.2.0-14
2025-02-04 16:46:32 status half-configured libstdc++-12-dev:amd64 12.2.0-14
2025-02-04 16:46:32 status installed libstdc++-12-dev:amd64 12.2.0-14
2025-02-04 16:46:32 configure g++-12:amd64 12.2.0-14 <none>
2025-02-04 16:46:32 status unpacked g++-12:amd64 12.2.0-14
2025-02-04 16:46:32 status half-configured g++-12:amd64 12.2.0-14
2025-02-04 16:46:32 status installed g++-12:amd64 12.2.0-14
2025-02-04 16:46:32 configure g++:amd64 4:12.2.0-3 <none>
2025-02-04 16:46:32 status unpacked g++:amd64 4:12.2.0-3
2025-02-04 16:46:32 status half-configured g++:amd64 4:12.2.0-3
2025-02-04 16:46:32 status installed g++:amd64 4:12.2.0-3
2025-02-04 16:46:32 trigproc libc-bin:amd64 2.36-9+deb12u9 <none>
2025-02-04 16:46:32 status half-configured libc-bin:amd64 2.36-9+deb12u9
2025-02-04 16:46:32 status installed libc-bin:amd64 2.36-9+deb12u9
2025-02-04 16:46:32 trigproc ca-certificates:all 20230311 <none>
2025-02-04 16:46:32 status half-configured ca-certificates:all 20230311
2025-02-04 16:46:32 status installed ca-certificates:all 20230311
